<?xml version="1.0" encoding="UTF-8"?>
<!-- Generated by org.testng.reporters.JUnitReportReporter -->
<testsuite hostname="LAPTOP-SMVUHHBA" failures="0" tests="1" name="testCases.TC001_loginAndOrder" time="92.761" errors="0" timestamp="2022-09-14T21:11:54 BDT" skipped="0">
  <testcase classname="testCases.TC001_loginAndOrder" name="loginAndOrder" time="92.761"/>
  <system-out/>
</testsuite> <!-- testCases.TC001_loginAndOrder -->
