<?xml version="1.0" encoding="UTF-8"?>
<!-- Generated by org.testng.reporters.JUnitReportReporter -->
<testsuite hostname="LAPTOP-SMVUHHBA" failures="0" tests="1" name="testCases.TC003_OrderPlace" time="47.673" errors="0" timestamp="2022-09-15T00:55:22 BDT" skipped="0">
  <testcase classname="testCases.TC003_OrderPlace" name="orderPlace" time="47.673"/>
  <system-out/>
</testsuite> <!-- testCases.TC003_OrderPlace -->
