<?xml version="1.0" encoding="UTF-8"?>
<!-- Generated by org.testng.reporters.JUnitReportReporter -->
<testsuite hostname="LAPTOP-SMVUHHBA" failures="0" tests="1" name="testCases.TC003_Order" time="46.098" errors="0" timestamp="2022-09-15T00:46:44 BDT" skipped="0">
  <testcase classname="testCases.TC003_Order" name="order" time="46.098"/>
  <system-out/>
</testsuite> <!-- testCases.TC003_Order -->
